<?xml version="1.0" encoding="UTF-8"?>
<!-- Generated by org.testng.reporters.JUnitReportReporter -->
<testsuite skipped="0" hostname="LAPTOP-1G2O48G9" name="MercuryTour.TicketPurchase" tests="1" failures="0" timestamp="2019-11-22T11:23:07 EST" time="20.522" errors="0">
  <testcase name="verifyticketpurchase" time="20.522" classname="MercuryTour.TicketPurchase"/>
</testsuite> <!-- MercuryTour.TicketPurchase -->
