<?xml version="1.0" encoding="UTF-8"?>
<!-- Generated by org.testng.reporters.JUnitReportReporter -->
<testsuite skipped="0" hostname="LAPTOP-1G2O48G9" name="banking.Testcase004_ForeignExchange" tests="1" failures="0" timestamp="2019-11-23T07:58:04 EST" time="14.398" errors="0">
  <testcase name="f" time="14.398" classname="banking.Testcase004_ForeignExchange"/>
</testsuite> <!-- banking.Testcase004_ForeignExchange -->
