<?xml version="1.0" encoding="UTF-8"?>
<!-- Generated by org.testng.reporters.JUnitReportReporter -->
<testsuite skipped="0" hostname="LAPTOP-1G2O48G9" name="MercuryTour.annotation" tests="1" failures="0" timestamp="2019-11-04T22:31:37 EST" time="7.648" errors="0">
  <testcase name="f" time="7.648" classname="MercuryTour.annotation"/>
</testsuite> <!-- MercuryTour.annotation -->
