<?xml version="1.0" encoding="UTF-8"?>
<!-- Generated by org.testng.reporters.JUnitReportReporter -->
<testsuite skipped="0" hostname="LAPTOP-1G2O48G9" name="MercuryTour.Textverify" tests="1" failures="0" timestamp="2019-11-05T09:24:54 EST" time="16.991" errors="0">
  <testcase name="textverification" time="16.991" classname="MercuryTour.Textverify"/>
</testsuite> <!-- MercuryTour.Textverify -->
