<?xml version="1.0" encoding="UTF-8"?>
<!-- Generated by org.testng.reporters.JUnitReportReporter -->
<testsuite skipped="0" hostname="LAPTOP-1G2O48G9" name="banking.Testcase002_AddPayee" tests="1" failures="0" timestamp="2019-11-23T07:58:04 EST" time="19.965" errors="0">
  <testcase name="f" time="19.965" classname="banking.Testcase002_AddPayee"/>
</testsuite> <!-- banking.Testcase002_AddPayee -->
