<?xml version="1.0" encoding="UTF-8"?>
<!-- Generated by org.testng.reporters.JUnitReportReporter -->
<testsuite skipped="0" hostname="LAPTOP-1G2O48G9" name="MercuryTour.Hyperlinks" tests="1" failures="0" timestamp="2019-11-04T22:35:24 EST" time="139.727" errors="0">
  <testcase name="verifylinks" time="139.727" classname="MercuryTour.Hyperlinks"/>
</testsuite> <!-- MercuryTour.Hyperlinks -->
