<?xml version="1.0" encoding="UTF-8"?>
<!-- Generated by org.testng.reporters.JUnitReportReporter -->
<testsuite skipped="0" hostname="LAPTOP-1G2O48G9" name="banking.Testcase003_Transferfund" tests="1" failures="0" timestamp="2019-11-23T07:58:04 EST" time="14.614" errors="0">
  <testcase name="transferfunds" time="14.614" classname="banking.Testcase003_Transferfund"/>
</testsuite> <!-- banking.Testcase003_Transferfund -->
